Assembler report for DE0_Nano
Mon Aug 17 14:37:42 2020
Quartus Prime Version 17.0.2 Build 602 07/19/2017 SJ Standard Edition


---------------------
; Table of Contents ;
---------------------
  1. Legal Notice
  2. Assembler Summary
  3. Assembler Settings
  4. Assembler Encrypted IP Cores Summary
  5. Assembler Generated Files
  6. Assembler Device Options: C:/Users/hoeffler/Desktop/experiment6_v2020/DE0_Nano.sof
  7. Assembler Device Options: C:/Users/hoeffler/Desktop/experiment6_v2020/DE0_Nano.pof
  8. Assembler Messages



----------------
; Legal Notice ;
----------------
Copyright (C) 2017  Intel Corporation. All rights reserved.
Your use of Intel Corporation's design tools, logic functions 
and other software and tools, and its AMPP partner logic 
functions, and any output files from any of the foregoing 
(including device programming or simulation files), and any 
associated documentation or information are expressly subject 
to the terms and conditions of the Intel Program License 
Subscription Agreement, the Intel Quartus Prime License Agreement,
the Intel MegaCore Function License Agreement, or other 
applicable license agreement, including, without limitation, 
that your use is for the sole purpose of programming logic 
devices manufactured by Intel and sold by Intel or its 
authorized distributors.  Please refer to the applicable 
agreement for further details.



+---------------------------------------------------------------+
; Assembler Summary                                             ;
+-----------------------+---------------------------------------+
; Assembler Status      ; Successful - Mon Aug 17 14:37:42 2020 ;
; Revision Name         ; DE0_Nano                              ;
; Top-level Entity Name ; DE0_Nano                              ;
; Family                ; Cyclone IV E                          ;
; Device                ; EP4CE22F17C6                          ;
+-----------------------+---------------------------------------+


+----------------------------------+
; Assembler Settings               ;
+--------+---------+---------------+
; Option ; Setting ; Default Value ;
+--------+---------+---------------+


+-------------------------------------------------------+
; Assembler Encrypted IP Cores Summary                  ;
+--------+-------------------------------+--------------+
; Vendor ; IP Core Name                  ; License Type ;
+--------+-------------------------------+--------------+
; Altera ; Nios II Processor (6AF7 00A2) ; Licensed     ;
; Altera ; Signal Tap (6AF7 BCE1)        ; Licensed     ;
; Altera ; Signal Tap (6AF7 BCEC)        ; Licensed     ;
+--------+-------------------------------+--------------+


+----------------------------------------------------------+
; Assembler Generated Files                                ;
+----------------------------------------------------------+
; File Name                                                ;
+----------------------------------------------------------+
; C:/Users/hoeffler/Desktop/experiment6_v2020/DE0_Nano.sof ;
; C:/Users/hoeffler/Desktop/experiment6_v2020/DE0_Nano.pof ;
+----------------------------------------------------------+


+------------------------------------------------------------------------------------+
; Assembler Device Options: C:/Users/hoeffler/Desktop/experiment6_v2020/DE0_Nano.sof ;
+----------------+-------------------------------------------------------------------+
; Option         ; Setting                                                           ;
+----------------+-------------------------------------------------------------------+
; JTAG usercode  ; 0x0060F518                                                        ;
; Checksum       ; 0x0060F518                                                        ;
+----------------+-------------------------------------------------------------------+


+------------------------------------------------------------------------------------+
; Assembler Device Options: C:/Users/hoeffler/Desktop/experiment6_v2020/DE0_Nano.pof ;
+--------------------+---------------------------------------------------------------+
; Option             ; Setting                                                       ;
+--------------------+---------------------------------------------------------------+
; JTAG usercode      ; 0x00000000                                                    ;
; Checksum           ; 0x7C1C6C0F                                                    ;
; Compression Ratio  ; 2                                                             ;
+--------------------+---------------------------------------------------------------+


+--------------------+
; Assembler Messages ;
+--------------------+
Info: *******************************************************************
Info: Running Quartus Prime Assembler
    Info: Version 17.0.2 Build 602 07/19/2017 SJ Standard Edition
    Info: Processing started: Mon Aug 17 14:37:39 2020
Info: Command: quartus_asm --read_settings_files=off --write_settings_files=off DE0_Nano -c DE0_Nano
Warning (18236): Number of processors has not been specified which may cause overloading on shared machines.  Set the global assignment NUM_PARALLEL_PROCESSORS in your QSF to an appropriate value for best performance.
Info (115031): Writing out detailed assembly data for power analysis
Info (115030): Assembler is generating device programming files
Info: Quartus Prime Assembler was successful. 0 errors, 1 warning
    Info: Peak virtual memory: 608 megabytes
    Info: Processing ended: Mon Aug 17 14:37:42 2020
    Info: Elapsed time: 00:00:03
    Info: Total CPU time (on all processors): 00:00:03


